1:C 16 Feb 2019 08:25:44.413 # Can't chdir to '/mnt/redis': No such file or directory
1:C 16 Feb 2019 08:27:05.443 # oO0OoO0OoO0Oo Redis is starting oO0OoO0OoO0Oo
1:C 16 Feb 2019 08:27:05.444 # Redis version=5.0.3, bits=64, commit=00000000, modified=0, pid=1, just started
1:C 16 Feb 2019 08:27:05.446 # Configuration loaded
1:C 16 Feb 2019 08:27:34.015 # oO0OoO0OoO0Oo Redis is starting oO0OoO0OoO0Oo
1:C 16 Feb 2019 08:27:34.026 # Redis version=5.0.3, bits=64, commit=00000000, modified=0, pid=1, just started
1:C 16 Feb 2019 08:27:34.028 # Configuration loaded
1:C 16 Feb 2019 08:29:18.001 # oO0OoO0OoO0Oo Redis is starting oO0OoO0OoO0Oo
1:C 16 Feb 2019 08:29:18.003 # Redis version=5.0.3, bits=64, commit=00000000, modified=0, pid=1, just started
1:C 16 Feb 2019 08:29:18.005 # Configuration loaded
1:C 16 Feb 2019 08:32:14.535 # oO0OoO0OoO0Oo Redis is starting oO0OoO0OoO0Oo
1:C 16 Feb 2019 08:32:14.560 # Redis version=5.0.3, bits=64, commit=00000000, modified=0, pid=1, just started
1:C 16 Feb 2019 08:32:14.563 # Configuration loaded
1:M 16 Feb 2019 08:32:14.569 * Running mode=standalone, port=6379.
1:M 16 Feb 2019 08:32:14.576 # WARNING: The TCP backlog setting of 511 cannot be enforced because /proc/sys/net/core/somaxconn is set to the lower value of 128.
1:M 16 Feb 2019 08:32:14.579 # Server initialized
1:M 16 Feb 2019 08:32:14.583 # WARNING you have Transparent Huge Pages (THP) support enabled in your kernel. This will create latency and memory usage issues with Redis. To fix this issue run the command 'echo never > /sys/kernel/mm/transparent_hugepage/enabled' as root, and add it to your /etc/rc.local in order to retain the setting after a reboot. Redis must be restarted after THP is disabled.
1:M 16 Feb 2019 08:32:14.585 * Ready to accept connections
1:signal-handler (1550306113) Received SIGTERM scheduling shutdown...
1:M 16 Feb 2019 08:35:13.072 # User requested shutdown...
1:M 16 Feb 2019 08:35:13.074 * Removing the pid file.
1:M 16 Feb 2019 08:35:13.076 # Redis is now ready to exit, bye bye...
1:C 16 Feb 2019 08:35:17.733 # oO0OoO0OoO0Oo Redis is starting oO0OoO0OoO0Oo
1:C 16 Feb 2019 08:35:17.735 # Redis version=5.0.3, bits=64, commit=00000000, modified=0, pid=1, just started
1:C 16 Feb 2019 08:35:17.739 # Configuration loaded
1:M 16 Feb 2019 08:35:17.744 * Running mode=standalone, port=6379.
1:M 16 Feb 2019 08:35:17.745 # Server initialized
1:M 16 Feb 2019 08:35:17.748 # WARNING you have Transparent Huge Pages (THP) support enabled in your kernel. This will create latency and memory usage issues with Redis. To fix this issue run the command 'echo never > /sys/kernel/mm/transparent_hugepage/enabled' as root, and add it to your /etc/rc.local in order to retain the setting after a reboot. Redis must be restarted after THP is disabled.
1:M 16 Feb 2019 08:35:17.750 * Ready to accept connections
1:signal-handler (1550306272) Received SIGTERM scheduling shutdown...
1:M 16 Feb 2019 08:37:52.219 # User requested shutdown...
1:M 16 Feb 2019 08:37:52.221 * Removing the pid file.
1:M 16 Feb 2019 08:37:52.223 # Redis is now ready to exit, bye bye...
1:C 16 Feb 2019 08:37:56.955 # oO0OoO0OoO0Oo Redis is starting oO0OoO0OoO0Oo
1:C 16 Feb 2019 08:37:56.959 # Redis version=5.0.3, bits=64, commit=00000000, modified=0, pid=1, just started
1:C 16 Feb 2019 08:37:56.962 # Configuration loaded
1:M 16 Feb 2019 08:37:56.965 * Running mode=standalone, port=6379.
1:M 16 Feb 2019 08:37:56.969 # Server initialized
1:M 16 Feb 2019 08:37:56.970 # WARNING you have Transparent Huge Pages (THP) support enabled in your kernel. This will create latency and memory usage issues with Redis. To fix this issue run the command 'echo never > /sys/kernel/mm/transparent_hugepage/enabled' as root, and add it to your /etc/rc.local in order to retain the setting after a reboot. Redis must be restarted after THP is disabled.
1:M 16 Feb 2019 08:37:56.972 * Ready to accept connections
1:signal-handler (1550306313) Received SIGTERM scheduling shutdown...
1:M 16 Feb 2019 08:38:33.766 # User requested shutdown...
1:M 16 Feb 2019 08:38:33.769 * Removing the pid file.
1:M 16 Feb 2019 08:38:33.771 # Redis is now ready to exit, bye bye...
1:C 16 Feb 2019 08:38:37.953 # oO0OoO0OoO0Oo Redis is starting oO0OoO0OoO0Oo
1:C 16 Feb 2019 08:38:37.954 # Redis version=5.0.3, bits=64, commit=00000000, modified=0, pid=1, just started
1:C 16 Feb 2019 08:38:37.956 # Configuration loaded
1:M 16 Feb 2019 08:38:37.958 * Running mode=standalone, port=6379.
1:M 16 Feb 2019 08:38:37.960 # Server initialized
1:M 16 Feb 2019 08:38:37.961 # WARNING you have Transparent Huge Pages (THP) support enabled in your kernel. This will create latency and memory usage issues with Redis. To fix this issue run the command 'echo never > /sys/kernel/mm/transparent_hugepage/enabled' as root, and add it to your /etc/rc.local in order to retain the setting after a reboot. Redis must be restarted after THP is disabled.
1:M 16 Feb 2019 08:38:37.963 * Ready to accept connections
1:signal-handler (1550306395) Received SIGTERM scheduling shutdown...
1:M 16 Feb 2019 08:39:55.266 # User requested shutdown...
1:M 16 Feb 2019 08:39:55.268 * Removing the pid file.
1:M 16 Feb 2019 08:39:55.271 # Redis is now ready to exit, bye bye...
1:C 16 Feb 2019 08:39:59.834 # oO0OoO0OoO0Oo Redis is starting oO0OoO0OoO0Oo
1:C 16 Feb 2019 08:39:59.837 # Redis version=5.0.3, bits=64, commit=00000000, modified=0, pid=1, just started
1:C 16 Feb 2019 08:39:59.838 # Configuration loaded
1:M 16 Feb 2019 08:39:59.841 * Running mode=standalone, port=6379.
1:M 16 Feb 2019 08:39:59.842 # Server initialized
1:M 16 Feb 2019 08:39:59.845 # WARNING you have Transparent Huge Pages (THP) support enabled in your kernel. This will create latency and memory usage issues with Redis. To fix this issue run the command 'echo never > /sys/kernel/mm/transparent_hugepage/enabled' as root, and add it to your /etc/rc.local in order to retain the setting after a reboot. Redis must be restarted after THP is disabled.
1:M 16 Feb 2019 08:39:59.849 * Ready to accept connections
